# JRE version: OpenJDK Runtime Environment (8.0_202-b03) (build 1.8.0_202-release-1483-b03)
# Java VM: OpenJDK 64-Bit Server VM (25.202-b03 mixed mode windows-amd64 compressed oops)
Heap:
 PSYoungGen      total 260096K, used 47503K [0x0000000760000000, 0x0000000773300000, 0x00000007c0000000)
  eden space 233472K, 8% used [0x0000000760000000,0x00000007614654b0,0x000000076e400000)
  from space 26624K, 99% used [0x0000000770780000,0x000000077217e7c8,0x0000000772180000)
  to   space 36352K, 0% used [0x000000076e400000,0x000000076e400000,0x0000000770780000)
 ParOldGen       total 264704K, used 59667K [0x00000006a0000000, 0x00000006b0280000, 0x0000000760000000)
  object space 264704K, 22% used [0x00000006a0000000,0x00000006a3a44f50,0x00000006b0280000)
 Metaspace       used 67731K, capacity 69784K, committed 70040K, reserved 1110016K
  class space    used 9042K, capacity 9540K, committed 9640K, reserved 1048576K
GC Heap History (10 events):
Event: 5.387 GC heap before
{Heap before GC invocations=9 (full 2):
 PSYoungGen      total 161280K, used 147456K [0x0000000760000000, 0x000000076dc00000, 0x00000007c0000000)
  eden space 147456K, 100% used [0x0000000760000000,0x0000000769000000,0x0000000769000000)
  from space 13824K, 0% used [0x0000000769d00000,0x0000000769d00000,0x000000076aa80000)
  to   space 13312K, 0% used [0x0000000769000000,0x0000000769000000,0x0000000769d00000)
 ParOldGen       total 176128K, used 15920K [0x00000006a0000000, 0x00000006aac00000, 0x0000000760000000)
  object space 176128K, 9% used [0x00000006a0000000,0x00000006a0f8c320,0x00000006aac00000)
 Metaspace       used 48955K, capacity 50196K, committed 50216K, reserved 1093632K
  class space    used 6625K, capacity 6949K, committed 6952K, reserved 1048576K
Event: 5.404 GC heap after
Heap after GC invocations=9 (full 2):
 PSYoungGen      total 160768K, used 13295K [0x0000000760000000, 0x000000076ef80000, 0x00000007c0000000)
  eden space 147456K, 0% used [0x0000000760000000,0x0000000760000000,0x0000000769000000)
  from space 13312K, 99% used [0x0000000769000000,0x0000000769cfbfa0,0x0000000769d00000)
  to   space 17408K, 0% used [0x000000076de80000,0x000000076de80000,0x000000076ef80000)
 ParOldGen       total 176128K, used 21343K [0x00000006a0000000, 0x00000006aac00000, 0x0000000760000000)
  object space 176128K, 12% used [0x00000006a0000000,0x00000006a14d7d28,0x00000006aac00000)
 Metaspace       used 48955K, capacity 50196K, committed 50216K, reserved 1093632K
  class space    used 6625K, capacity 6949K, committed 6952K, reserved 1048576K
}
Event: 6.744 GC heap before
{Heap before GC invocations=10 (full 2):
 PSYoungGen      total 160768K, used 129253K [0x0000000760000000, 0x000000076ef80000, 0x00000007c0000000)
  eden space 147456K, 78% used [0x0000000760000000,0x000000076713d528,0x0000000769000000)
  from space 13312K, 99% used [0x0000000769000000,0x0000000769cfbfa0,0x0000000769d00000)
  to   space 17408K, 0% used [0x000000076de80000,0x000000076de80000,0x000000076ef80000)
 ParOldGen       total 176128K, used 21343K [0x00000006a0000000, 0x00000006aac00000, 0x0000000760000000)
  object space 176128K, 12% used [0x00000006a0000000,0x00000006a14d7d28,0x00000006aac00000)
 Metaspace       used 57454K, capacity 59092K, committed 59160K, reserved 1099776K
  class space    used 7792K, capacity 8167K, committed 8232K, reserved 1048576K
Event: 6.771 GC heap after
Heap after GC invocations=10 (full 2):
 PSYoungGen      total 224256K, used 17385K [0x0000000760000000, 0x000000076f580000, 0x00000007c0000000)
  eden space 206848K, 0% used [0x0000000760000000,0x0000000760000000,0x000000076ca00000)
  from space 17408K, 99% used [0x000000076de80000,0x000000076ef7a610,0x000000076ef80000)
  to   space 20992K, 0% used [0x000000076ca00000,0x000000076ca00000,0x000000076de80000)
 ParOldGen       total 176128K, used 24823K [0x00000006a0000000, 0x00000006aac00000, 0x0000000760000000)
  object space 176128K, 14% used [0x00000006a0000000,0x00000006a183de30,0x00000006aac00000)
 Metaspace       used 57454K, capacity 59092K, committed 59160K, reserved 1099776K
  class space    used 7792K, capacity 8167K, committed 8232K, reserved 1048576K
}
Event: 6.772 GC heap before
{Heap before GC invocations=11 (full 3):
 PSYoungGen      total 224256K, used 17385K [0x0000000760000000, 0x000000076f580000, 0x00000007c0000000)
  eden space 206848K, 0% used [0x0000000760000000,0x0000000760000000,0x000000076ca00000)
  from space 17408K, 99% used [0x000000076de80000,0x000000076ef7a610,0x000000076ef80000)
  to   space 20992K, 0% used [0x000000076ca00000,0x000000076ca00000,0x000000076de80000)
 ParOldGen       total 176128K, used 24823K [0x00000006a0000000, 0x00000006aac00000, 0x0000000760000000)
  object space 176128K, 14% used [0x00000006a0000000,0x00000006a183de30,0x00000006aac00000)
 Metaspace       used 57454K, capacity 59092K, committed 59160K, reserved 1099776K
  class space    used 7792K, capacity 8167K, committed 8232K, reserved 1048576K
Event: 7.011 GC heap after
Heap after GC invocations=11 (full 3):
 PSYoungGen      total 224256K, used 0K [0x0000000760000000, 0x000000076f580000, 0x00000007c0000000)
  eden space 206848K, 0% used [0x0000000760000000,0x0000000760000000,0x000000076ca00000)
  from space 17408K, 0% used [0x000000076de80000,0x000000076de80000,0x000000076ef80000)
  to   space 20992K, 0% used [0x000000076ca00000,0x000000076ca00000,0x000000076de80000)
 ParOldGen       total 264704K, used 35282K [0x00000006a0000000, 0x00000006b0280000, 0x0000000760000000)
  object space 264704K, 13% used [0x00000006a0000000,0x00000006a2274828,0x00000006b0280000)
 Metaspace       used 57454K, capacity 59092K, committed 59160K, reserved 1099776K
  class space    used 7792K, capacity 8167K, committed 8232K, reserved 1048576K
}
Event: 9.246 GC heap before
{Heap before GC invocations=12 (full 3):
 PSYoungGen      total 224256K, used 206549K [0x0000000760000000, 0x000000076f580000, 0x00000007c0000000)
  eden space 206848K, 99% used [0x0000000760000000,0x000000076c9b5450,0x000000076ca00000)
  from space 17408K, 0% used [0x000000076de80000,0x000000076de80000,0x000000076ef80000)
  to   space 20992K, 0% used [0x000000076ca00000,0x000000076ca00000,0x000000076de80000)
 ParOldGen       total 264704K, used 35282K [0x00000006a0000000, 0x00000006b0280000, 0x0000000760000000)
  object space 264704K, 13% used [0x00000006a0000000,0x00000006a2274828,0x00000006b0280000)
 Metaspace       used 61385K, capacity 63388K, committed 63640K, reserved 1103872K
  class space    used 8285K, capacity 8775K, committed 8872K, reserved 1048576K
Event: 9.273 GC heap after
Heap after GC invocations=12 (full 3):
 PSYoungGen      total 227840K, used 20970K [0x0000000760000000, 0x0000000772180000, 0x00000007c0000000)
  eden space 206848K, 0% used [0x0000000760000000,0x0000000760000000,0x000000076ca00000)
  from space 20992K, 99% used [0x000000076ca00000,0x000000076de7ab78,0x000000076de80000)
  to   space 26624K, 0% used [0x0000000770780000,0x0000000770780000,0x0000000772180000)
 ParOldGen       total 264704K, used 42153K [0x00000006a0000000, 0x00000006b0280000, 0x0000000760000000)
  object space 264704K, 15% used [0x00000006a0000000,0x00000006a292a6f0,0x00000006b0280000)
 Metaspace       used 61385K, capacity 63388K, committed 63640K, reserved 1103872K
  class space    used 8285K, capacity 8775K, committed 8872K, reserved 1048576K
}
Event: 12.726 GC heap before
{Heap before GC invocations=13 (full 3):
 PSYoungGen      total 227840K, used 223896K [0x0000000760000000, 0x0000000772180000, 0x00000007c0000000)
  eden space 206848K, 98% used [0x0000000760000000,0x000000076c62b648,0x000000076ca00000)
  from space 20992K, 99% used [0x000000076ca00000,0x000000076de7ab78,0x000000076de80000)
  to   space 26624K, 0% used [0x0000000770780000,0x0000000770780000,0x0000000772180000)
 ParOldGen       total 264704K, used 42153K [0x00000006a0000000, 0x00000006b0280000, 0x0000000760000000)
  object space 264704K, 15% used [0x00000006a0000000,0x00000006a292a6f0,0x00000006b0280000)
 Metaspace       used 67590K, capacity 69656K, committed 69784K, reserved 1110016K
  class space    used 9035K, capacity 9540K, committed 9640K, reserved 1048576K
Event: 12.777 GC heap after
Heap after GC invocations=13 (full 3):
 PSYoungGen      total 260096K, used 26617K [0x0000000760000000, 0x0000000773300000, 0x00000007c0000000)
  eden space 233472K, 0% used [0x0000000760000000,0x0000000760000000,0x000000076e400000)
  from space 26624K, 99% used [0x0000000770780000,0x000000077217e7c8,0x0000000772180000)
  to   space 36352K, 0% used [0x000000076e400000,0x000000076e400000,0x0000000770780000)
 ParOldGen       total 264704K, used 59667K [0x00000006a0000000, 0x00000006b0280000, 0x0000000760000000)
  object space 264704K, 22% used [0x00000006a0000000,0x00000006a3a44f50,0x00000006b0280000)
 Metaspace       used 67590K, capacity 69656K, committed 69784K, reserved 1110016K
  class space    used 9035K, capacity 9540K, committed 9640K, reserved 1048576K
}

