# JRE version: OpenJDK Runtime Environment (8.0_202-b03) (build 1.8.0_202-release-1483-b03)
# Java VM: OpenJDK 64-Bit Server VM (25.202-b03 mixed mode windows-amd64 compressed oops)
Heap:
 PSYoungGen      total 391168K, used 243234K [0x0000000760000000, 0x0000000779880000, 0x00000007c0000000)
  eden space 373248K, 65% used [0x0000000760000000,0x000000076ed88b58,0x0000000776c80000)
  from space 17920K, 0% used [0x0000000778700000,0x0000000778700000,0x0000000779880000)
  to   space 22528K, 0% used [0x0000000776c80000,0x0000000776c80000,0x0000000778280000)
 ParOldGen       total 178688K, used 30397K [0x00000006a0000000, 0x00000006aae80000, 0x0000000760000000)
  object space 178688K, 17% used [0x00000006a0000000,0x00000006a1daf478,0x00000006aae80000)
 Metaspace       used 65079K, capacity 67094K, committed 67352K, reserved 1107968K
  class space    used 8770K, capacity 9242K, committed 9256K, reserved 1048576K
GC Heap History (10 events):
Event: 4.524 GC heap before
{Heap before GC invocations=7 (full 1):
 PSYoungGen      total 138240K, used 15590K [0x0000000760000000, 0x000000076eb80000, 0x00000007c0000000)
  eden space 127488K, 3% used [0x0000000760000000,0x00000007604bf470,0x0000000767c80000)
  from space 10752K, 99% used [0x0000000767c80000,0x00000007686fa410,0x0000000768700000)
  to   space 15360K, 0% used [0x000000076dc80000,0x000000076dc80000,0x000000076eb80000)
 ParOldGen       total 113664K, used 13958K [0x00000006a0000000, 0x00000006a6f00000, 0x0000000760000000)
  object space 113664K, 12% used [0x00000006a0000000,0x00000006a0da1b40,0x00000006a6f00000)
 Metaspace       used 34767K, capacity 35418K, committed 35496K, reserved 1079296K
  class space    used 4786K, capacity 4996K, committed 5032K, reserved 1048576K
Event: 4.546 GC heap after
Heap after GC invocations=7 (full 1):
 PSYoungGen      total 226304K, used 8527K [0x0000000760000000, 0x0000000770580000, 0x00000007c0000000)
  eden space 210944K, 0% used [0x0000000760000000,0x0000000760000000,0x000000076ce00000)
  from space 15360K, 55% used [0x000000076dc80000,0x000000076e4d3fd0,0x000000076eb80000)
  to   space 14848K, 0% used [0x000000076ce00000,0x000000076ce00000,0x000000076dc80000)
 ParOldGen       total 113664K, used 13966K [0x00000006a0000000, 0x00000006a6f00000, 0x0000000760000000)
  object space 113664K, 12% used [0x00000006a0000000,0x00000006a0da3b40,0x00000006a6f00000)
 Metaspace       used 34767K, capacity 35418K, committed 35496K, reserved 1079296K
  class space    used 4786K, capacity 4996K, committed 5032K, reserved 1048576K
}
Event: 4.546 GC heap before
{Heap before GC invocations=8 (full 2):
 PSYoungGen      total 226304K, used 8527K [0x0000000760000000, 0x0000000770580000, 0x00000007c0000000)
  eden space 210944K, 0% used [0x0000000760000000,0x0000000760000000,0x000000076ce00000)
  from space 15360K, 55% used [0x000000076dc80000,0x000000076e4d3fd0,0x000000076eb80000)
  to   space 14848K, 0% used [0x000000076ce00000,0x000000076ce00000,0x000000076dc80000)
 ParOldGen       total 113664K, used 13966K [0x00000006a0000000, 0x00000006a6f00000, 0x0000000760000000)
  object space 113664K, 12% used [0x00000006a0000000,0x00000006a0da3b40,0x00000006a6f00000)
 Metaspace       used 34767K, capacity 35418K, committed 35496K, reserved 1079296K
  class space    used 4786K, capacity 4996K, committed 5032K, reserved 1048576K
Event: 4.608 GC heap after
Heap after GC invocations=8 (full 2):
 PSYoungGen      total 226304K, used 0K [0x0000000760000000, 0x0000000770580000, 0x00000007c0000000)
  eden space 210944K, 0% used [0x0000000760000000,0x0000000760000000,0x000000076ce00000)
  from space 15360K, 0% used [0x000000076dc80000,0x000000076dc80000,0x000000076eb80000)
  to   space 14848K, 0% used [0x000000076ce00000,0x000000076ce00000,0x000000076dc80000)
 ParOldGen       total 137728K, used 16512K [0x00000006a0000000, 0x00000006a8680000, 0x0000000760000000)
  object space 137728K, 11% used [0x00000006a0000000,0x00000006a10201c8,0x00000006a8680000)
 Metaspace       used 34763K, capacity 35406K, committed 35496K, reserved 1079296K
  class space    used 4784K, capacity 4994K, committed 5032K, reserved 1048576K
}
Event: 6.910 GC heap before
{Heap before GC invocations=9 (full 2):
 PSYoungGen      total 226304K, used 210944K [0x0000000760000000, 0x0000000770580000, 0x00000007c0000000)
  eden space 210944K, 100% used [0x0000000760000000,0x000000076ce00000,0x000000076ce00000)
  from space 15360K, 0% used [0x000000076dc80000,0x000000076dc80000,0x000000076eb80000)
  to   space 14848K, 0% used [0x000000076ce00000,0x000000076ce00000,0x000000076dc80000)
 ParOldGen       total 137728K, used 16512K [0x00000006a0000000, 0x00000006a8680000, 0x0000000760000000)
  object space 137728K, 11% used [0x00000006a0000000,0x00000006a10201c8,0x00000006a8680000)
 Metaspace       used 54465K, capacity 55950K, committed 56232K, reserved 1097728K
  class space    used 7368K, capacity 7792K, committed 7848K, reserved 1048576K
Event: 6.935 GC heap after
Heap after GC invocations=9 (full 2):
 PSYoungGen      total 225792K, used 14842K [0x0000000760000000, 0x0000000779d00000, 0x00000007c0000000)
  eden space 210944K, 0% used [0x0000000760000000,0x0000000760000000,0x000000076ce00000)
  from space 14848K, 99% used [0x000000076ce00000,0x000000076dc7e9f0,0x000000076dc80000)
  to   space 22528K, 0% used [0x0000000778700000,0x0000000778700000,0x0000000779d00000)
 ParOldGen       total 137728K, used 27672K [0x00000006a0000000, 0x00000006a8680000, 0x0000000760000000)
  object space 137728K, 20% used [0x00000006a0000000,0x00000006a1b062b0,0x00000006a8680000)
 Metaspace       used 54465K, capacity 55950K, committed 56232K, reserved 1097728K
  class space    used 7368K, capacity 7792K, committed 7848K, reserved 1048576K
}
Event: 7.366 GC heap before
{Heap before GC invocations=10 (full 2):
 PSYoungGen      total 225792K, used 58958K [0x0000000760000000, 0x0000000779d00000, 0x00000007c0000000)
  eden space 210944K, 20% used [0x0000000760000000,0x0000000762b151c0,0x000000076ce00000)
  from space 14848K, 99% used [0x000000076ce00000,0x000000076dc7e9f0,0x000000076dc80000)
  to   space 22528K, 0% used [0x0000000778700000,0x0000000778700000,0x0000000779d00000)
 ParOldGen       total 137728K, used 27672K [0x00000006a0000000, 0x00000006a8680000, 0x0000000760000000)
  object space 137728K, 20% used [0x00000006a0000000,0x00000006a1b062b0,0x00000006a8680000)
 Metaspace       used 57401K, capacity 58954K, committed 59160K, reserved 1099776K
  class space    used 7820K, capacity 8210K, committed 8232K, reserved 1048576K
Event: 7.383 GC heap after
Heap after GC invocations=10 (full 2):
 PSYoungGen      total 391168K, used 15683K [0x0000000760000000, 0x0000000779880000, 0x00000007c0000000)
  eden space 373248K, 0% used [0x0000000760000000,0x0000000760000000,0x0000000776c80000)
  from space 17920K, 87% used [0x0000000778700000,0x0000000779650cf8,0x0000000779880000)
  to   space 22528K, 0% used [0x0000000776c80000,0x0000000776c80000,0x0000000778280000)
 ParOldGen       total 137728K, used 27680K [0x00000006a0000000, 0x00000006a8680000, 0x0000000760000000)
  object space 137728K, 20% used [0x00000006a0000000,0x00000006a1b082b0,0x00000006a8680000)
 Metaspace       used 57401K, capacity 58954K, committed 59160K, reserved 1099776K
  class space    used 7820K, capacity 8210K, committed 8232K, reserved 1048576K
}
Event: 7.383 GC heap before
{Heap before GC invocations=11 (full 3):
 PSYoungGen      total 391168K, used 15683K [0x0000000760000000, 0x0000000779880000, 0x00000007c0000000)
  eden space 373248K, 0% used [0x0000000760000000,0x0000000760000000,0x0000000776c80000)
  from space 17920K, 87% used [0x0000000778700000,0x0000000779650cf8,0x0000000779880000)
  to   space 22528K, 0% used [0x0000000776c80000,0x0000000776c80000,0x0000000778280000)
 ParOldGen       total 137728K, used 27680K [0x00000006a0000000, 0x00000006a8680000, 0x0000000760000000)
  object space 137728K, 20% used [0x00000006a0000000,0x00000006a1b082b0,0x00000006a8680000)
 Metaspace       used 57401K, capacity 58954K, committed 59160K, reserved 1099776K
  class space    used 7820K, capacity 8210K, committed 8232K, reserved 1048576K
Event: 7.523 GC heap after
Heap after GC invocations=11 (full 3):
 PSYoungGen      total 391168K, used 0K [0x0000000760000000, 0x0000000779880000, 0x00000007c0000000)
  eden space 373248K, 0% used [0x0000000760000000,0x0000000760000000,0x0000000776c80000)
  from space 17920K, 0% used [0x0000000778700000,0x0000000778700000,0x0000000779880000)
  to   space 22528K, 0% used [0x0000000776c80000,0x0000000776c80000,0x0000000778280000)
 ParOldGen       total 178688K, used 30397K [0x00000006a0000000, 0x00000006aae80000, 0x0000000760000000)
  object space 178688K, 17% used [0x00000006a0000000,0x00000006a1daf478,0x00000006aae80000)
 Metaspace       used 57401K, capacity 58954K, committed 59160K, reserved 1099776K
  class space    used 7820K, capacity 8210K, committed 8232K, reserved 1048576K
}

